1702303403294	geckodriver	INFO	Listening on 127.0.0.1:62008
1702303406331	mozrunner::runner	INFO	Running command: "C:\\Program Files\\Mozilla Firefox\\firefox.exe" "--marionette" "--start-maximized" "--remote-debugging-por ... "--remote-allow-hosts" "localhost" "-no-remote" "-profile" "C:\\Users\\DEIVID~1\\AppData\\Local\\Temp\\rust_mozprofileUR1FYz"
console.warn: services.settings: Ignoring preference override of remote settings server
console.warn: services.settings: Allow by setting MOZ_REMOTE_SETTINGS_DEVTOOLS=1 in the environment
1702303406794	Marionette	INFO	Marionette enabled
Dynamically enable window occlusion 0
console.error: "Warning: unrecognized command line flag" "-start-maximized"
1702303406982	Marionette	INFO	Listening on port 62020
WebDriver BiDi listening on ws://127.0.0.1:62009
Read port: 62020
1702303407293	RemoteAgent	WARN	TLS certificate errors will be ignored for this session
DevTools listening on ws://127.0.0.1:62009/devtools/browser/df475ff3-db44-49d8-bdb0-ea3eca0b60c9
console.warn: LoginRecipes: "Falling back to a synchronous message for: https://sso.acesso.gov.br."
[GFX1-]: Failed to create a D3D11 content device: 0x887a0031
1702303436884	addons.xpi	ERROR	System addon update list error SyntaxError: XMLHttpRequest.open: 'http://%(server)s/dummy-system-addons.xml' is not a valid URL.
console.warn: LoginRecipes: "Falling back to a synchronous message for: https://addons.mozilla.org."
JavaScript error: resource://gre/modules/XULStore.sys.mjs, line 60: Error: Can't find profile directory.
1702303476340	Marionette	WARN	Ignoring event 'pageshow' because document has an invalid readyState of 'uninitialized'.
JavaScript error: resource://gre/modules/XULStore.sys.mjs, line 60: Error: Can't find profile directory.
1702303488036	Marionette	WARN	Ignoring event 'pageshow' because document has an invalid readyState of 'uninitialized'.
proxy.onRequest event fired after context unloaded.
proxy.onRequest event fired after context unloaded.
proxy.onRequest event fired after context unloaded.
proxy.onRequest event fired after context unloaded.
proxy.onRequest event fired after context unloaded.
proxy.onRequest event fired after context unloaded.
proxy.onRequest event fired after context unloaded.
proxy.onRequest event fired after context unloaded.
proxy.onRequest event fired after context unloaded.
proxy.onRequest event fired after context unloaded.
proxy.onRequest event fired after context unloaded.
proxy.onRequest event fired after context unloaded.
proxy.onRequest event fired after context unloaded.
proxy.onRequest event fired after context unloaded.
proxy.onRequest event fired after context unloaded.
proxy.onRequest event fired after context unloaded.
proxy.onRequest event fired after context unloaded.
proxy.onRequest event fired after context unloaded.
proxy.onRequest event fired after context unloaded.
proxy.onRequest event fired after context unloaded.
proxy.onRequest event fired after context unloaded.
proxy.onRequest event fired after context unloaded.
proxy.onRequest event fired after context unloaded.
proxy.onRequest event fired after context unloaded.
proxy.onRequest event fired after context unloaded.
proxy.onRequest event fired after context unloaded.
proxy.onRequest event fired after context unloaded.
proxy.onRequest event fired after context unloaded.
proxy.onRequest event fired after context unloaded.
proxy.onRequest event fired after context unloaded.
proxy.onRequest event fired after context unloaded.
proxy.onRequest event fired after context unloaded.
proxy.onRequest event fired after context unloaded.
proxy.onRequest event fired after context unloaded.
proxy.onRequest event fired after context unloaded.
proxy.onRequest event fired after context unloaded.
proxy.onRequest event fired after context unloaded.
proxy.onRequest event fired after context unloaded.
proxy.onRequest event fired after context unloaded.
proxy.onRequest event fired after context unloaded.
proxy.onRequest event fired after context unloaded.
proxy.onRequest event fired after context unloaded.
proxy.onRequest event fired after context unloaded.
proxy.onRequest event fired after context unloaded.
proxy.onRequest event fired after context unloaded.
proxy.onRequest event fired after context unloaded.
proxy.onRequest event fired after context unloaded.
proxy.onRequest event fired after context unloaded.
proxy.onRequest event fired after context unloaded.
proxy.onRequest event fired after context unloaded.
proxy.onRequest event fired after context unloaded.
proxy.onRequest event fired after context unloaded.
proxy.onRequest event fired after context unloaded.
proxy.onRequest event fired after context unloaded.
proxy.onRequest event fired after context unloaded.
proxy.onRequest event fired after context unloaded.
proxy.onRequest event fired after context unloaded.
proxy.onRequest event fired after context unloaded.
JavaScript error: https://www.gstatic.com/_/mss/boq-search/_/js/k=boq-search.ViewPackageService.pt_BR.xKvy7bN8VQk.es5.O/am=HAQAAAECAAAAAAAAAAAAAAAAAAAAAFgD4aJ_BGwAAA8eOPn__yQQFCaPHwAAIQCAgwhoADsrdAAAAAAIlAMAAAAACAUdDUAgASKC0AVAASLEFAIAaGqgGFVYAwhgwEcJIAASACcBAAAAAAEAAGDAAwAA8wAAQECYERBwAAAAAOCaBwwIAAAAAAAAAAAAQNGQFwERAQAAAAAAAAAAAIAANAk/d=1/dg=0/rs=AH7-fg7t9JRKNBQRQU7UFseHgW5N_kCdDw/cb=loaded_0/ee=ADJUGe:nSzGM;AfeaP:TkrAjf;Al37kf:WF2Oxf;BMxAGc:E5bFse;BgS6mb:fidj5d;BjwMce:cXX2Wb;CRubWc:GGHMXc;CxXAWb:YyRLvc;DULqB:RKfG5c;Dkk6ge:wJqrrd;DpcR3d:zL72xf;EABSZ:MXZt9d;EVNhjf:pw70Gc;EmZ2Bf:zr1jrb;Erl4fe:FloWmf;F9mqte:UoRcbe;Fmv9Nc:O1Tzwc;G0KhTb:LIaoZ;G6wU6e:hezEbd;GleZL:J1A7Od;GzNeK:lwR3kb;HMDDWe:HPcd9d;IcRVsb:iZsl5b;JXS8fb:Qj0suc;JbMT3:M25sS;JsbNhc:Xd8iUd;KQzWid:ZMKkN;LBgRLc:SdcwHb,XVMNvd;LWyKNe:OGn9Jd;LsNahb:ucGLNb;MWIbN:Oezo8e;Me32dd:MEeYgc;NPKaK:SdcwHb;NSEoX:lazG7b;NoD55:pyzU6b,tHLYle;Np8Qkd:Dpx6qc;Nyt6ic:jn2sGd;OGn9Jd:vP7cyb;OgagBe:cNTe0;Oj465e:KG2eXe;OohIYe:mpEAQb;PdNjHe:tEjTUb;Pjplud:EEDORb,PoEs9b;QGR0gd:Mlhmy;QHcAG:Osl0G;Qoo2ob:SWzGQe;R4IIIb:QWfeKf;R9Ulx:CR7Ufe;Rlgi2d:s4kmTe;SFqMfe:d7N0Ze;SLtqO:Kh1xYe;SNUn3:ZwDk9d,x8cHvb;SnFeMb:gIO09b;T9F76b:IGrxNe;TxfV6d:YORN0b;UDrY1c:eps46d;UVmjEd:EesRsb;UVzb9c:W0fpg;UyG7Kb:wQd0G;V2HTTe:RolTY;VGRfx:VFqbr;VN6jIc:ddQyuf;VOcgDe:YquhTb;VxQ32b:k0XsBb;W1Xvfd:KwNFR;WDGyFe:jcVOxd;Wfmdue:g3MJlb;XUezZ:sa7lqb;XcupOe:nPGmVc;YV5bee:IvPZ6d;ZMvdv:PHFPjb;ZlOOMb:ka50sc;a56pNe:JEfCwb;aAJE9c:WHW6Ef;aZ61od:arTwJ;aoM3kc:RmZU0e;bcPXSc:gSZLJb;cEt90b:ws9Tlc;cFTWae:gT8qnd;cZGwze:Uq2Ztb;csKcjd:ciLywf;dIoSBb:SpsfSb;dLlj2:Qqt3Gf;daB6be:lMxGPd;dtl0hd:lLQWFe;eBAeSb:sVEevc;eBZ5Nd:audvde;eGOC9b:UFUkKb;eHDfl:ofjVkb;eO3lse:TC8ZNd;fWLTFc:TVBJbf;fcYTHe:rDv7Wc;flqRgb:ox2Q7c;fufDm:kGNN9b;g8nkx:U4MzKc;gPGwWe:ds8otb;gaub4:TN6bMe;gtVSi:ekUOYd;h3MYod:wV5Pjc;hK67qb:QWEO5b;heHB1:sFczq;hjRo6e:F62sG;iFQyKf:QIhFr,vfuNJf;imqimf:jKGL2e;jGHevf:wsoZ3c;jWrxGe:FHj41b;jlykkc:Ixcocc;kCQyJ:ueyPK;kMFpHd:OTA3Ae;kbAm9d:MkHyGd;kbIuKc:rDv7Wc;kyjn6b:CfXVTe;lUFnVe:Sq92Y;lkq0A:IbjKve;lx12yf:dzcQzd;mT6AUb:vsaskf;mWzs9c:sVEevc;nAFL3:NTMZac,s39S4;oGtAuc:sOXFj;okUaUd:Kg1rBc,wItadb;pKJiXd:VCenhc;pNsl2d:j9Yuyc;pXdRYb:MdUzUe;pj82le:mg5CW;qZx2Fc:j0xrE;qaS3gd:yiLg6e;qavrXe:mYbt1d,zQzcXe;qddgKe:R9YHJc,d7YSfd,x4FYXe;qsajS:qGotLb;rQSrae:C6D5Fc;rebY5d:S5i2J;sTsDMc:kHVSUb;slvZxc:FU6yf;tGdRVe:b5f3kc;tH4IIe:NoECLb,Ymry6;tosKvd:ZCqP3;trZL0b:qY8PFe;ttWQK:um1fmf;uY49fb:COQbmf;uuQkY:u2V3ud;vAvu5d:O6oXm;vGrMZ:Y1W8Ad;vXy3B:yzQjhd;vfVwPd:lcrkwe;w3bZCb:ZPGaIb;w4rSdf:XKiZ9;w9w86d:aIe7ef;wQlYve:aLUfP;wR5FRb:O1Gjze,siKnQd;wV5Pjc:L8KGxe,nQze3d;whEZac:F4AmNb;xBbsrc:NEW1Qc;xMUn6e:e0kzxe;xqZiqf:BBI74;yxTchf:KUM7Z;z97YGf:oug9te;zaIgPb:Qtpxbd,l09DXe,q8mB0c;zxnPse:GkRiKb/m=_gbm,xUdipf,NwH0H,RMhBfe,w9hDv,VwDzFe,A7fCU, line 385: Error: W`https://www.gstatic.com/_/mss/boq-search/_/js/k=boq-search.ViewPackageService.pt_BR.xKvy7bN8VQk.es5.O/ck=boq-search.ViewPackageService.OcchVkKUJxE.L.F4.O/am=HAQAAAECAAAAAAAAAAAAAAAAAAAAAFgD4aJ_BGwAAA8eOPn__yQQFCaPHwAAIQCAgwhoADsrdAAAAAAIlAMAAAAACAUdDUAgASKC0AVAASLEFAIAaGqgGFVYAwhgwEcJIAASACcBAAAAAAEAAGDAAwAA8wAAQECYERBwAAAAAOCaBwwIAAAAAAAAAAAAQNGQFwERAQAAAAAAAAAAAIAANAk/d=1/exm=A7fCU,ANyn1,COQbmf,D8Qs1c,EMKV5d,EU1dwe,Fdd8nd,Gu8rrc,I6YDgd,IZT63,Kg1rBc,L919Z,LEikZe,LUacLb,LmbeUd,MI2fVb,MI6k7c,Mlhmy,MpJwZc,N3wSKe,NwH0H,ObWLec,P9vDhc,Pkx8hb,PrPYRd,Qg94gd,Qj0suc,RAw16,RDV3Nb,RMhBfe,Rr5NOe,S9MdGb,SGpRce,SRsBqc,SzpDQc,UFZhBc,UXfCNd,VwDzFe,Wq6lxf,X8lTKe,_gbm,al77M,b6vcbb,btdpvd,cj77d,coOdHc,f159cf,fM7wyf,fgj8Rb,fkGYQb,gskBEc,gychg,hKSk3e,hhzCmb,hwnrob,i4bkXc,iaRXBb,kQvlef,kjKdXe,lazG7b,lcrkwe,ljp6td,mI3LFb,mdR7q,msnw6d,n73qwf,nQze3d,oSegn,obXUHb,qszQwf,racp,sFyk7b,sVEevc,szFNKc,tOtTyb,ttQ27,vYwzYe,w9hDv,wKdTle,wk9bT,xUdipf,y0wzC,yPDigb,yemSVb/ed=1/dg=0/rs=AH7-fg7Jax9x_mzfnTOaHZgIijUbG-shPw/cb=loaded_1_5/ee=ADJUGe:nSzGM;AfeaP:TkrAjf;Al37kf:WF2Oxf;BMxAGc:E5bFse;BgS6mb:fidj5d;BjwMce:cXX2Wb;CRubWc:GGHMXc;CxXAWb:YyRLvc;DULqB:RKfG5c;Dkk6ge:wJqrrd;DpcR3d:zL72xf;EABSZ:MXZt9d;EVNhjf:pw70Gc;EmZ2Bf:zr1jrb;Erl4fe:FloWmf;F9mqte:UoRcbe;Fmv9Nc:O1Tzwc;G0KhTb:LIaoZ;G6wU6e:hezEbd;GleZL:J1A7Od;GzNeK:lwR3kb;HMDDWe:HPcd9d;IcRVsb:iZsl5b;JXS8fb:Qj0suc;JbMT3:M25sS;JsbNhc:Xd8iUd;KQzWid:ZMKkN;LBgRLc:SdcwHb,XVMNvd;LWyKNe:OGn9Jd;LsNahb:ucGLNb;MWIbN:Oezo8e;Me32dd:MEeYgc;NPKaK:SdcwHb;NSEoX:lazG7b;NoD55:pyzU6b,tHLYle;Np8Qkd:Dpx6qc;Nyt6ic:jn2sGd;OGn9Jd:vP7cyb;OgagBe:cNTe0;Oj465e:KG2eXe;OohIYe:mpEAQb;PdNjHe:tEjTUb;Pjplud:EEDORb,PoEs9b;QGR0gd:Mlhmy;QHcAG:Osl0G;Qoo2ob:SWzGQe;R4IIIb:QWfeKf;R9Ulx:CR7Ufe;Rlgi2d:s4kmTe;SFqMfe:d7N0Ze;SLtqO:Kh1xYe;SNUn3:ZwDk9d,x8cHvb;SnFeMb:gIO09b;T9F76b:IGrxNe;TxfV6d:YORN0b;UDrY1c:eps46d;UVmjEd:EesRsb;UVzb9c:W0fpg;UyG7Kb:wQd0G;V2HTTe:RolTY;VGRfx:VFqbr;VN6jIc:ddQyuf;VOcgDe:YquhTb;VxQ32b:k0XsBb;W1Xvfd:KwNFR;WDGyFe:jcVOxd;Wfmdue:g3MJlb;XUezZ:sa7lqb;XcupOe:nPGmVc;YV5bee:IvPZ6d;ZMvdv:PHFPjb;ZlOOMb:ka50sc;a56pNe:JEfCwb;aAJE9c:WHW6Ef;aZ61od:arTwJ;aoM3kc:RmZU0e;bcPXSc:gSZLJb;cEt90b:ws9Tlc;cFTWae:gT8qnd;cZGwze:Uq2Ztb;csKcjd:ciLywf;dIoSBb:SpsfSb;dLlj2:Qqt3Gf;daB6be:lMxGPd;dtl0hd:lLQWFe;eBAeSb:sVEevc;eBZ5Nd:audvde;eGOC9b:UFUkKb;eHDfl:ofjVkb;eO3lse:TC8ZNd;fWLTFc:TVBJbf;fcYTHe:rDv7Wc;flqRgb:ox2Q7c;fufDm:kGNN9b;g8nkx:U4MzKc;gPGwWe:ds8otb;gaub4:TN6bMe;gtVSi:ekUOYd;h3MYod:wV5Pjc;hK67qb:QWEO5b;heHB1:sFczq;hjRo6e:F62sG;iFQyKf:QIhFr,vfuNJf;imqimf:jKGL2e;jGHevf:wsoZ3c;jWrxGe:FHj41b;jlykkc:Ixcocc;kCQyJ:ueyPK;kMFpHd:OTA3Ae;kbAm9d:MkHyGd;kbIuKc:rDv7Wc;kyjn6b:CfXVTe;lUFnVe:Sq92Y;lkq0A:IbjKve;lx12yf:dzcQzd;mT6AUb:vsaskf;mWzs9c:sVEevc;nAFL3:NTMZac,s39S4;oGtAuc:sOXFj;okUaUd:Kg1rBc,wItadb;pKJiXd:VCenhc;pNsl2d:j9Yuyc;pXdRYb:MdUzUe;pj82le:mg5CW;qZx2Fc:j0xrE;qaS3gd:yiLg6e;qavrXe:mYbt1d,zQzcXe;qddgKe:R9YHJc,d7YSfd,x4FYXe;qsajS:qGotLb;rQSrae:C6D5Fc;rebY5d:S5i2J;sTsDMc:kHVSUb;slvZxc:FU6yf;tGdRVe:b5f3kc;tH4IIe:NoECLb,Ymry6;tosKvd:ZCqP3;trZL0b:qY8PFe;ttWQK:um1fmf;uY49fb:COQbmf;uuQkY:u2V3ud;vAvu5d:O6oXm;vGrMZ:Y1W8Ad;vXy3B:yzQjhd;vfVwPd:lcrkwe;w3bZCb:ZPGaIb;w4rSdf:XKiZ9;w9w86d:aIe7ef;wQlYve:aLUfP;wR5FRb:O1Gjze,siKnQd;wV5Pjc:L8KGxe,nQze3d;whEZac:F4AmNb;xBbsrc:NEW1Qc;xMUn6e:e0kzxe;xqZiqf:BBI74;yxTchf:KUM7Z;z97YGf:oug9te;zaIgPb:Qtpxbd,l09DXe,q8mB0c;zxnPse:GkRiKb/m=yb08jf,NoECLb,hypYI,yGkNuf,MnVV2d,qMBFFe,Gi5Toe,gpa7Te,ZfBJ7b
proxy.onRequest event fired after context unloaded.
proxy.onRequest event fired after context unloaded.
proxy.onRequest event fired after context unloaded.
1702303498025	Marionette	WARN	Ignoring event 'DOMContentLoaded' because document has an invalid readyState of 'complete'.
proxy.onRequest event fired after context unloaded.
proxy.onRequest event fired after context unloaded.
proxy.onRequest event fired after context unloaded.
proxy.onRequest event fired after context unloaded.
proxy.onRequest event fired after context unloaded.
proxy.onRequest event fired after context unloaded.
proxy.onRequest event fired after context unloaded.
proxy.onRequest event fired after context unloaded.
proxy.onRequest event fired after context unloaded.
proxy.onRequest event fired after context unloaded.
proxy.onRequest event fired after context unloaded.
proxy.onRequest event fired after context unloaded.
proxy.onRequest event fired after context unloaded.
proxy.onRequest event fired after context unloaded.
proxy.onRequest event fired after context unloaded.
proxy.onRequest event fired after context unloaded.
proxy.onRequest event fired after context unloaded.
proxy.onRequest event fired after context unloaded.
proxy.onRequest event fired after context unloaded.
proxy.onRequest event fired after context unloaded.
proxy.onRequest event fired after context unloaded.
proxy.onRequest event fired after context unloaded.
proxy.onRequest event fired after context unloaded.
proxy.onRequest event fired after context unloaded.
proxy.onRequest event fired after context unloaded.
proxy.onRequest event fired after context unloaded.
proxy.onRequest event fired after context unloaded.
proxy.onRequest event fired after context unloaded.
proxy.onRequest event fired after context unloaded.
proxy.onRequest event fired after context unloaded.
proxy.onRequest event fired after context unloaded.
proxy.onRequest event fired after context unloaded.
proxy.onRequest event fired after context unloaded.
proxy.onRequest event fired after context unloaded.
proxy.onRequest event fired after context unloaded.
proxy.onRequest event fired after context unloaded.
proxy.onRequest event fired after context unloaded.
proxy.onRequest event fired after context unloaded.
proxy.onRequest event fired after context unloaded.
proxy.onRequest event fired after context unloaded.
proxy.onRequest event fired after context unloaded.
proxy.onRequest event fired after context unloaded.
proxy.onRequest event fired after context unloaded.
proxy.onRequest event fired after context unloaded.
proxy.onRequest event fired after context unloaded.
proxy.onRequest event fired after context unloaded.
proxy.onRequest event fired after context unloaded.
proxy.onRequest event fired after context unloaded.
proxy.onRequest event fired after context unloaded.
proxy.onRequest event fired after context unloaded.
proxy.onRequest event fired after context unloaded.
proxy.onRequest event fired after context unloaded.
proxy.onRequest event fired after context unloaded.
proxy.onRequest event fired after context unloaded.
proxy.onRequest event fired after context unloaded.
proxy.onRequest event fired after context unloaded.
proxy.onRequest event fired after context unloaded.
proxy.onRequest event fired after context unloaded.
proxy.onRequest event fired after context unloaded.
proxy.onRequest event fired after context unloaded.
proxy.onRequest event fired after context unloaded.
proxy.onRequest event fired after context unloaded.
proxy.onRequest event fired after context unloaded.
proxy.onRequest event fired after context unloaded.
proxy.onRequest event fired after context unloaded.
proxy.onRequest event fired after context unloaded.
proxy.onRequest event fired after context unloaded.
proxy.onRequest event fired after context unloaded.
proxy.onRequest event fired after context unloaded.
proxy.onRequest event fired after context unloaded.
proxy.onRequest event fired after context unloaded.
proxy.onRequest event fired after context unloaded.
proxy.onRequest event fired after context unloaded.
proxy.onRequest event fired after context unloaded.
proxy.onRequest event fired after context unloaded.
proxy.onRequest event fired after context unloaded.
proxy.onRequest event fired after context unloaded.
proxy.onRequest event fired after context unloaded.
proxy.onRequest event fired after context unloaded.
proxy.onRequest event fired after context unloaded.
proxy.onRequest event fired after context unloaded.
proxy.onRequest event fired after context unloaded.
proxy.onRequest event fired after context unloaded.
proxy.onRequest event fired after context unloaded.
proxy.onRequest event fired after context unloaded.
proxy.onRequest event fired after context unloaded.
proxy.onRequest event fired after context unloaded.
proxy.onRequest event fired after context unloaded.
proxy.onRequest event fired after context unloaded.
proxy.onRequest event fired after context unloaded.
proxy.onRequest event fired after context unloaded.
proxy.onRequest event fired after context unloaded.
proxy.onRequest event fired after context unloaded.
proxy.onRequest event fired after context unloaded.
proxy.onRequest event fired after context unloaded.
proxy.onRequest event fired after context unloaded.
proxy.onRequest event fired after context unloaded.
proxy.onRequest event fired after context unloaded.
proxy.onRequest event fired after context unloaded.
proxy.onRequest event fired after context unloaded.
proxy.onRequest event fired after context unloaded.
proxy.onRequest event fired after context unloaded.
proxy.onRequest event fired after context unloaded.
proxy.onRequest event fired after context unloaded.
proxy.onRequest event fired after context unloaded.
proxy.onRequest event fired after context unloaded.
console.warn: LoginRecipes: "Falling back to a synchronous message for: https://sso.acesso.gov.br."
proxy.onRequest event fired after context unloaded.
proxy.onRequest event fired after context unloaded.
proxy.onRequest event fired after context unloaded.
proxy.onRequest event fired after context unloaded.
proxy.onRequest event fired after context unloaded.
proxy.onRequest event fired after context unloaded.
proxy.onRequest event fired after context unloaded.
proxy.onRequest event fired after context unloaded.
proxy.onRequest event fired after context unloaded.
proxy.onRequest event fired after context unloaded.
proxy.onRequest event fired after context unloaded.
proxy.onRequest event fired after context unloaded.
proxy.onRequest event fired after context unloaded.
proxy.onRequest event fired after context unloaded.
proxy.onRequest event fired after context unloaded.
proxy.onRequest event fired after context unloaded.
proxy.onRequest event fired after context unloaded.
proxy.onRequest event fired after context unloaded.
proxy.onRequest event fired after context unloaded.
proxy.onRequest event fired after context unloaded.
proxy.onRequest event fired after context unloaded.
proxy.onRequest event fired after context unloaded.
proxy.onRequest event fired after context unloaded.
proxy.onRequest event fired after context unloaded.
proxy.onRequest event fired after context unloaded.
proxy.onRequest event fired after context unloaded.
proxy.onRequest event fired after context unloaded.
proxy.onRequest event fired after context unloaded.
proxy.onRequest event fired after context unloaded.
proxy.onRequest event fired after context unloaded.
proxy.onRequest event fired after context unloaded.
proxy.onRequest event fired after context unloaded.
1702303513076	Marionette	INFO	Stopped listening on port 62020
Dynamically enable window occlusion 1
proxy.onRequest event fired after context unloaded.
